# JRE version: Java(TM) SE Runtime Environment (9.0+11) (build 9.0.4+11)
# Java VM: Java HotSpot(TM) 64-Bit Server VM (9.0.4+11, mixed mode, tiered, compressed oops, g1 gc, linux-amd64)
Heap:
 garbage-first heap   total 190464K, used 5182K [0x00000000c3400000, 0x00000000c35005d0, 0x0000000100000000)
  region size 1024K, 2 young (2048K), 2 survivors (2048K)
 Metaspace       used 15936K, capacity 17066K, committed 17408K, reserved 1064960K
  class space    used 1737K, capacity 1973K, committed 2048K, reserved 1048576K
GC Heap History (7 events):
Event: 1.048 GC heap before
{Heap before GC invocations=0 (full 0):
 garbage-first heap   total 63488K, used 14336K [0x00000000c3400000, 0x00000000c35001f0, 0x0000000100000000)
  region size 1024K, 14 young (14336K), 0 survivors (0K)
 Metaspace       used 10900K, capacity 11320K, committed 11392K, reserved 1058816K
  class space    used 1045K, capacity 1116K, committed 1152K, reserved 1048576K
}
Event: 1.057 GC heap after
{Heap after GC invocations=1 (full 0):
 garbage-first heap   total 63488K, used 3581K [0x00000000c3400000, 0x00000000c35001f0, 0x0000000100000000)
  region size 1024K, 2 young (2048K), 2 survivors (2048K)
 Metaspace       used 10900K, capacity 11320K, committed 11392K, reserved 1058816K
  class space    used 1045K, capacity 1116K, committed 1152K, reserved 1048576K
}
Event: 2.219 GC heap before
{Heap before GC invocations=1 (full 0):
 garbage-first heap   total 63488K, used 39421K [0x00000000c3400000, 0x00000000c35001f0, 0x0000000100000000)
  region size 1024K, 37 young (37888K), 2 survivors (2048K)
 Metaspace       used 15932K, capacity 17066K, committed 17408K, reserved 1064960K
  class space    used 1737K, capacity 1973K, committed 2048K, reserved 1048576K
}
Event: 2.236 GC heap after
{Heap after GC invocations=2 (full 0):
 garbage-first heap   total 63488K, used 5604K [0x00000000c3400000, 0x00000000c35001f0, 0x0000000100000000)
  region size 1024K, 4 young (4096K), 4 survivors (4096K)
 Metaspace       used 15932K, capacity 17066K, committed 17408K, reserved 1064960K
  class space    used 1737K, capacity 1973K, committed 2048K, reserved 1048576K
}
Event: 2.447 GC heap before
{Heap before GC invocations=2 (full 0):
 garbage-first heap   total 63488K, used 38372K [0x00000000c3400000, 0x00000000c35001f0, 0x0000000100000000)
  region size 1024K, 36 young (36864K), 4 survivors (4096K)
 Metaspace       used 15935K, capacity 17066K, committed 17408K, reserved 1064960K
  class space    used 1737K, capacity 1973K, committed 2048K, reserved 1048576K
}
Event: 2.458 GC heap after
{Heap after GC invocations=3 (full 0):
 garbage-first heap   total 63488K, used 5269K [0x00000000c3400000, 0x00000000c35001f0, 0x0000000100000000)
  region size 1024K, 2 young (2048K), 2 survivors (2048K)
 Metaspace       used 15935K, capacity 17066K, committed 17408K, reserved 1064960K
  class space    used 1737K, capacity 1973K, committed 2048K, reserved 1048576K
}
Event: 2.659 GC heap before
{Heap before GC invocations=3 (full 0):
 garbage-first heap   total 63488K, used 40085K [0x00000000c3400000, 0x00000000c35001f0, 0x0000000100000000)
  region size 1024K, 36 young (36864K), 2 survivors (2048K)
 Metaspace       used 15936K, capacity 17066K, committed 17408K, reserved 1064960K
  class space    used 1737K, capacity 1973K, committed 2048K, reserved 1048576K
}

